# JRE version: OpenJDK Runtime Environment Temurin-17.0.3+7 (17.0.3+7) (build 17.0.3+7)
# Java VM: OpenJDK 64-Bit Server VM Temurin-17.0.3+7 (17.0.3+7, mixed mode, emulated-client, tiered, compressed oops, compressed class ptrs, g1 gc, windows-amd64)
GC Precious Log:
 CPUs: 8 total, 8 available
 Memory: 16258M
 Large Page Support: Disabled
 NUMA Support: Disabled
 Compressed Oops: Enabled (Zero based)
 Heap Region Size: 2M
 Heap Min Capacity: 8M
 Heap Initial Capacity: 256M
 Heap Max Capacity: 4066M
 Pre-touch: Disabled
 Parallel Workers: 8
 Concurrent Workers: 2
 Concurrent Refinement Workers: 8
 Periodic GC: Disabled
Heap:
 garbage-first heap   total 122880K, used 82341K [0x0000000701e00000, 0x0000000800000000)
  region size 2048K, 21 young (43008K), 4 survivors (8192K)
 Metaspace       used 78346K, committed 78848K, reserved 1122304K
  class space    used 10287K, committed 10560K, reserved 1048576K
GC Heap History (20 events):
Event: 39.100 GC heap before
{Heap before GC invocations=22 (full 0):
 garbage-first heap   total 61440K, used 50122K [0x0000000701e00000, 0x0000000800000000)
  region size 2048K, 11 young (22528K), 1 survivors (2048K)
 Metaspace       used 57357K, committed 57792K, reserved 1105920K
  class space    used 7540K, committed 7744K, reserved 1048576K
}
Event: 39.102 GC heap after
{Heap after GC invocations=23 (full 0):
 garbage-first heap   total 61440K, used 30119K [0x0000000701e00000, 0x0000000800000000)
  region size 2048K, 1 young (2048K), 1 survivors (2048K)
 Metaspace       used 57357K, committed 57792K, reserved 1105920K
  class space    used 7540K, committed 7744K, reserved 1048576K
}
Event: 39.271 GC heap before
{Heap before GC invocations=23 (full 0):
 garbage-first heap   total 61440K, used 48551K [0x0000000701e00000, 0x0000000800000000)
  region size 2048K, 11 young (22528K), 1 survivors (2048K)
 Metaspace       used 58649K, committed 59072K, reserved 1105920K
  class space    used 7741K, committed 7936K, reserved 1048576K
}
Event: 39.273 GC heap after
{Heap after GC invocations=24 (full 0):
 garbage-first heap   total 61440K, used 30843K [0x0000000701e00000, 0x0000000800000000)
  region size 2048K, 2 young (4096K), 2 survivors (4096K)
 Metaspace       used 58649K, committed 59072K, reserved 1105920K
  class space    used 7741K, committed 7936K, reserved 1048576K
}
Event: 39.412 GC heap before
{Heap before GC invocations=25 (full 0):
 garbage-first heap   total 61440K, used 47227K [0x0000000701e00000, 0x0000000800000000)
  region size 2048K, 11 young (22528K), 2 survivors (4096K)
 Metaspace       used 58907K, committed 59328K, reserved 1105920K
  class space    used 7798K, committed 8000K, reserved 1048576K
}
Event: 39.415 GC heap after
{Heap after GC invocations=26 (full 0):
 garbage-first heap   total 61440K, used 31080K [0x0000000701e00000, 0x0000000800000000)
  region size 2048K, 1 young (2048K), 1 survivors (2048K)
 Metaspace       used 58907K, committed 59328K, reserved 1105920K
  class space    used 7798K, committed 8000K, reserved 1048576K
}
Event: 40.931 GC heap before
{Heap before GC invocations=26 (full 0):
 garbage-first heap   total 61440K, used 49512K [0x0000000701e00000, 0x0000000800000000)
  region size 2048K, 10 young (20480K), 1 survivors (2048K)
 Metaspace       used 58907K, committed 59328K, reserved 1105920K
  class space    used 7798K, committed 8000K, reserved 1048576K
}
Event: 40.933 GC heap after
{Heap after GC invocations=27 (full 0):
 garbage-first heap   total 161792K, used 31129K [0x0000000701e00000, 0x0000000800000000)
  region size 2048K, 2 young (4096K), 2 survivors (4096K)
 Metaspace       used 58907K, committed 59328K, reserved 1105920K
  class space    used 7798K, committed 8000K, reserved 1048576K
}
Event: 43.357 GC heap before
{Heap before GC invocations=28 (full 0):
 garbage-first heap   total 122880K, used 111001K [0x0000000701e00000, 0x0000000800000000)
  region size 2048K, 42 young (86016K), 2 survivors (4096K)
 Metaspace       used 62742K, committed 63104K, reserved 1105920K
  class space    used 8314K, committed 8448K, reserved 1048576K
}
Event: 43.361 GC heap after
{Heap after GC invocations=29 (full 0):
 garbage-first heap   total 122880K, used 34979K [0x0000000701e00000, 0x0000000800000000)
  region size 2048K, 3 young (6144K), 3 survivors (6144K)
 Metaspace       used 62742K, committed 63104K, reserved 1105920K
  class space    used 8314K, committed 8448K, reserved 1048576K
}
Event: 43.656 GC heap before
{Heap before GC invocations=29 (full 0):
 garbage-first heap   total 122880K, used 94371K [0x0000000701e00000, 0x0000000800000000)
  region size 2048K, 32 young (65536K), 3 survivors (6144K)
 Metaspace       used 64561K, committed 64960K, reserved 1105920K
  class space    used 8509K, committed 8704K, reserved 1048576K
}
Event: 43.662 GC heap after
{Heap after GC invocations=30 (full 0):
 garbage-first heap   total 122880K, used 37341K [0x0000000701e00000, 0x0000000800000000)
  region size 2048K, 4 young (8192K), 4 survivors (8192K)
 Metaspace       used 64561K, committed 64960K, reserved 1105920K
  class space    used 8509K, committed 8704K, reserved 1048576K
}
Event: 43.867 GC heap before
{Heap before GC invocations=30 (full 0):
 garbage-first heap   total 122880K, used 94685K [0x0000000701e00000, 0x0000000800000000)
  region size 2048K, 32 young (65536K), 4 survivors (8192K)
 Metaspace       used 65010K, committed 65408K, reserved 1105920K
  class space    used 8537K, committed 8704K, reserved 1048576K
}
Event: 43.873 GC heap after
{Heap after GC invocations=31 (full 0):
 garbage-first heap   total 122880K, used 39479K [0x0000000701e00000, 0x0000000800000000)
  region size 2048K, 3 young (6144K), 3 survivors (6144K)
 Metaspace       used 65010K, committed 65408K, reserved 1105920K
  class space    used 8537K, committed 8704K, reserved 1048576K
}
Event: 44.140 GC heap before
{Heap before GC invocations=31 (full 0):
 garbage-first heap   total 122880K, used 96823K [0x0000000701e00000, 0x0000000800000000)
  region size 2048K, 31 young (63488K), 3 survivors (6144K)
 Metaspace       used 65594K, committed 65984K, reserved 1114112K
  class space    used 8591K, committed 8768K, reserved 1048576K
}
Event: 44.145 GC heap after
{Heap after GC invocations=32 (full 0):
 garbage-first heap   total 122880K, used 41429K [0x0000000701e00000, 0x0000000800000000)
  region size 2048K, 4 young (8192K), 4 survivors (8192K)
 Metaspace       used 65594K, committed 65984K, reserved 1114112K
  class space    used 8591K, committed 8768K, reserved 1048576K
}
Event: 52.972 GC heap before
{Heap before GC invocations=32 (full 0):
 garbage-first heap   total 122880K, used 98773K [0x0000000701e00000, 0x0000000800000000)
  region size 2048K, 32 young (65536K), 4 survivors (8192K)
 Metaspace       used 71886K, committed 72256K, reserved 1114112K
  class space    used 9486K, committed 9664K, reserved 1048576K
}
Event: 52.980 GC heap after
{Heap after GC invocations=33 (full 0):
 garbage-first heap   total 122880K, used 45015K [0x0000000701e00000, 0x0000000800000000)
  region size 2048K, 4 young (8192K), 4 survivors (8192K)
 Metaspace       used 71886K, committed 72256K, reserved 1114112K
  class space    used 9486K, committed 9664K, reserved 1048576K
}
Event: 88.459 GC heap before
{Heap before GC invocations=33 (full 0):
 garbage-first heap   total 122880K, used 98263K [0x0000000701e00000, 0x0000000800000000)
  region size 2048K, 30 young (61440K), 4 survivors (8192K)
 Metaspace       used 76013K, committed 76544K, reserved 1122304K
  class space    used 10044K, committed 10304K, reserved 1048576K
}
Event: 88.471 GC heap after
{Heap after GC invocations=34 (full 0):
 garbage-first heap   total 122880K, used 51621K [0x0000000701e00000, 0x0000000800000000)
  region size 2048K, 4 young (8192K), 4 survivors (8192K)
 Metaspace       used 76013K, committed 76544K, reserved 1122304K
  class space    used 10044K, committed 10304K, reserved 1048576K
}

